<?xml version="1.0" encoding="UTF-8"?>
<!-- Generated by org.testng.reporters.JUnitReportReporter -->
<testsuite hostname="Anand" failures="0" tests="4" name="com.Test.TestCal" time="2.177" errors="0" timestamp="06 Feb 2021 09:02:17 GMT" skipped="0">
  <testcase classname="com.Test.TestCal" name="Substraction" time="0.667"/>
  <testcase classname="com.Test.TestCal" name="Add" time="0.772"/>
  <testcase classname="com.Test.TestCal" name="Multiplication" time="0.348"/>
  <testcase classname="com.Test.TestCal" name="Division" time="0.390"/>
</testsuite> <!-- com.Test.TestCal -->
